1679157613521	geckodriver	INFO	Listening on 127.0.0.1:62072
1679157616664	mozrunner::runner	INFO	Running command: "C:\\Program Files\\Mozilla Firefox\\firefox.exe" "--marionette" "--remote-debugging-port" "62073" "--remote-allow-hosts" "localhost" "-no-remote" "-profile" "C:\\Users\\ofmuk\\AppData\\Local\\Temp\\rust_mozprofile5tHtvG"
console.warn: services.settings: Ignoring preference override of remote settings server
console.warn: services.settings: Allow by setting MOZ_REMOTE_SETTINGS_DEVTOOLS=1 in the environment
1679157617607	Marionette	INFO	Marionette enabled
Dynamically enable window occlusion 0
1679157617612	Marionette	INFO	Listening on port 62084
Read port: 62084
WebDriver BiDi listening on ws://127.0.0.1:62073
1679157618204	RemoteAgent	WARN	TLS certificate errors will be ignored for this session
console.warn: SearchSettings: "get: No settings file exists, new profile?" (new NotFoundError("Could not open the file at C:\\Users\\ofmuk\\AppData\\Local\\Temp\\rust_mozprofile5tHtvG\\search.json.mozlz4", (void 0)))
DevTools listening on ws://127.0.0.1:62073/devtools/browser/62fae5be-46c2-4eba-9c31-963a5f63e777
JavaScript error: resource://gre/modules/PromiseWorker.jsm, line 106: Error: Could not get children of file(C:\Users\ofmuk\AppData\Local\Temp\rust_mozprofile5tHtvG\thumbnails) because it does not exist
1679164067111	geckodriver	INFO	Listening on 127.0.0.1:62660
1679164070129	mozrunner::runner	INFO	Running command: "C:\\Program Files\\Mozilla Firefox\\firefox.exe" "--marionette" "--remote-debugging-port" "62661" "--remote-allow-hosts" "localhost" "-no-remote" "-profile" "C:\\Users\\ofmuk\\AppData\\Local\\Temp\\rust_mozprofileUtVpeY"
console.warn: services.settings: Ignoring preference override of remote settings server
console.warn: services.settings: Allow by setting MOZ_REMOTE_SETTINGS_DEVTOOLS=1 in the environment
1679164073195	Marionette	INFO	Marionette enabled
Dynamically enable window occlusion 0
1679164073198	Marionette	INFO	Listening on port 62671
Read port: 62671
WebDriver BiDi listening on ws://127.0.0.1:62661
1679164073358	RemoteAgent	WARN	TLS certificate errors will be ignored for this session
console.warn: SearchSettings: "get: No settings file exists, new profile?" (new NotFoundError("Could not open the file at C:\\Users\\ofmuk\\AppData\\Local\\Temp\\rust_mozprofileUtVpeY\\search.json.mozlz4", (void 0)))
DevTools listening on ws://127.0.0.1:62661/devtools/browser/4ef9c23b-fcbf-4873-ac4b-665037eb7e1a
1679164105492	Marionette	INFO	Stopped listening on port 62671
Dynamically enable window occlusion 1
console.error: (new AbortError("IndexedDB: main/url-classifier-skip-urls list() IndexedDB:  execute() A request was aborted, for example through a call to IDBTransaction.abort.", "resource://services-settings/IDBHelpers.jsm", 18))
1679164122276	geckodriver	INFO	Listening on 127.0.0.1:62703
1679164125330	mozrunner::runner	INFO	Running command: "C:\\Program Files\\Mozilla Firefox\\firefox.exe" "--marionette" "--remote-debugging-port" "62704" "--remote-allow-hosts" "localhost" "-no-remote" "-profile" "C:\\Users\\ofmuk\\AppData\\Local\\Temp\\rust_mozprofile1Ub76Q"
console.warn: services.settings: Ignoring preference override of remote settings server
console.warn: services.settings: Allow by setting MOZ_REMOTE_SETTINGS_DEVTOOLS=1 in the environment
1679164125681	Marionette	INFO	Marionette enabled
Dynamically enable window occlusion 0
1679164125687	Marionette	INFO	Listening on port 62712
Read port: 62712
WebDriver BiDi listening on ws://127.0.0.1:62704
1679164125929	RemoteAgent	WARN	TLS certificate errors will be ignored for this session
console.warn: SearchSettings: "get: No settings file exists, new profile?" (new NotFoundError("Could not open the file at C:\\Users\\ofmuk\\AppData\\Local\\Temp\\rust_mozprofile1Ub76Q\\search.json.mozlz4", (void 0)))
JavaScript error: resource://activity-stream/lib/ActivityStreamPrefs.jsm, line 27: NS_ERROR_ILLEGAL_VALUE: Component returned failure code: 0x80070057 (NS_ERROR_ILLEGAL_VALUE) [nsIPrefBranch.removeObserver]
1679164130905	Marionette	INFO	Stopped listening on port 62712
Dynamically enable window occlusion 1
1679164130915	CDP	WARN	Failed to remove undefined (Could not parse path (undefined): NS_ERROR_FILE_UNRECOGNIZED_PATH)
JavaScript error: chrome://global/content/elements/browser-custom-element.js, line 648: TypeError: this.browsingContext is null
JavaScript error: chrome://global/content/elements/browser-custom-element.js, line 648: TypeError: this.browsingContext is null
console.warn: services.settings: main/query-stripping sync interrupted by shutdown
1679164140804	geckodriver	INFO	Listening on 127.0.0.1:62728
1679164143855	mozrunner::runner	INFO	Running command: "C:\\Program Files\\Mozilla Firefox\\firefox.exe" "--marionette" "--remote-debugging-port" "62729" "--remote-allow-hosts" "localhost" "-no-remote" "-profile" "C:\\Users\\ofmuk\\AppData\\Local\\Temp\\rust_mozprofileFL3saU"
console.warn: services.settings: Ignoring preference override of remote settings server
console.warn: services.settings: Allow by setting MOZ_REMOTE_SETTINGS_DEVTOOLS=1 in the environment
1679164144292	Marionette	INFO	Marionette enabled
Dynamically enable window occlusion 0
1679164144296	Marionette	INFO	Listening on port 62738
WebDriver BiDi listening on ws://127.0.0.1:62729
Read port: 62738
1679164145756	RemoteAgent	WARN	TLS certificate errors will be ignored for this session
console.warn: SearchSettings: "get: No settings file exists, new profile?" (new NotFoundError("Could not open the file at C:\\Users\\ofmuk\\AppData\\Local\\Temp\\rust_mozprofileFL3saU\\search.json.mozlz4", (void 0)))
DevTools listening on ws://127.0.0.1:62729/devtools/browser/7c29db0d-a5c5-41d3-957b-3955db4a0bfb
1679164150327	Marionette	INFO	Stopped listening on port 62738
Dynamically enable window occlusion 1
console.warn: SearchService: "#init: abandoning init due to shutting down"
JavaScript error: , line 0: uncaught exception: 2147500036
JavaScript error: , line 0: uncaught exception: 2147500036
JavaScript error: , line 0: uncaught exception: 2147500036
JavaScript error: , line 0: uncaught exception: 2147500036
JavaScript error: , line 0: uncaught exception: 2147500036
console.error: services.settings: 
  main/query-stripping Signature failed  TypeError: NetworkError: Network request failed
console.error: (new NetworkError("Network error: TypeError: NetworkError: Network request failed", "resource://services-settings/RemoteSettingsClient.jsm", 116))
console.log: "RemoteSettingsWorker error: Error: Can't import when we've started shutting down."
console.error: (new RemoteSettingsWorkerError("Error: Can't import when we've started shutting down.", "resource://services-settings/RemoteSettingsWorker.jsm", 46))
WARNING: A blocker encountered an error while we were waiting.
          Blocker:  Waiting for ping task
          Phase: TelemetryController: Waiting for pending ping activity
          State: (none)
WARNING: Error: Phase "profile-before-change" is finished, it is too late to register completion condition "OS.File: flush I/O queued before profileBeforeChange"
WARNING: addBlocker@resource://gre/modules/AsyncShutdown.sys.mjs:727:15
addBlocker@resource://gre/modules/AsyncShutdown.sys.mjs:523:26
addBlocker@resource://gre/modules/AsyncShutdown.sys.mjs:458:15
setupShutdown@resource://gre/modules/osfile/osfile_async_front.jsm:1548:28
@resource://gre/modules/osfile/osfile_async_front.jsm:1568:16
@resource://gre/modules/osfile.jsm:12:30
@resource://gre/modules/TelemetryStorage.sys.mjs:10:28
_checkPendingPings@resource://gre/modules/TelemetrySend.sys.mjs:863:17
setup@resource://gre/modules/TelemetrySend.sys.mjs:803:18
setup@resource://gre/modules/TelemetrySend.sys.mjs:241:30
setupTelemetry/this._delayedInitTask<@resource://gre/modules/TelemetryControllerParent.sys.mjs:828:36
observe@resource://gre/modules/AsyncShutdown.sys.mjs:576:16

console.error: "TelemetryScheduler.shutdown - Already shut down"
WARNING: A blocker encountered an error while we were waiting.
          Blocker:  Waiting for ping task
          Phase: TelemetryController: Waiting for pending ping activity
          State: (none)
WARNING: Error: Phase "profile-before-change" is finished, it is too late to register completion condition "OS.File: flush I/O queued before profileBeforeChange"
WARNING: addBlocker@resource://gre/modules/AsyncShutdown.sys.mjs:727:15
addBlocker@resource://gre/modules/AsyncShutdown.sys.mjs:523:26
addBlocker@resource://gre/modules/AsyncShutdown.sys.mjs:458:15
setupShutdown@resource://gre/modules/osfile/osfile_async_front.jsm:1548:28
@resource://gre/modules/osfile/osfile_async_front.jsm:1568:16
@resource://gre/modules/osfile.jsm:12:30
@resource://gre/modules/TelemetryStorage.sys.mjs:10:28
_checkPendingPings@resource://gre/modules/TelemetrySend.sys.mjs:863:17
setup@resource://gre/modules/TelemetrySend.sys.mjs:803:18
setup@resource://gre/modules/TelemetrySend.sys.mjs:241:30
setupTelemetry/this._delayedInitTask<@resource://gre/modules/TelemetryControllerParent.sys.mjs:828:36
observe@resource://gre/modules/AsyncShutdown.sys.mjs:576:16

WARNING: A blocker encountered an error while we were waiting.
          Blocker:  Waiting for ping task
          Phase: TelemetryController: Waiting for pending ping activity
          State: (none)
WARNING: Error: Phase "profile-before-change" is finished, it is too late to register completion condition "OS.File: flush I/O queued before profileBeforeChange"
WARNING: addBlocker@resource://gre/modules/AsyncShutdown.sys.mjs:727:15
addBlocker@resource://gre/modules/AsyncShutdown.sys.mjs:523:26
addBlocker@resource://gre/modules/AsyncShutdown.sys.mjs:458:15
setupShutdown@resource://gre/modules/osfile/osfile_async_front.jsm:1548:28
@resource://gre/modules/osfile/osfile_async_front.jsm:1568:16
@resource://gre/modules/osfile.jsm:12:30
@resource://gre/modules/TelemetryStorage.sys.mjs:10:28
_checkPendingPings@resource://gre/modules/TelemetrySend.sys.mjs:863:17
setup@resource://gre/modules/TelemetrySend.sys.mjs:803:18
setup@resource://gre/modules/TelemetrySend.sys.mjs:241:30
setupTelemetry/this._delayedInitTask<@resource://gre/modules/TelemetryControllerParent.sys.mjs:828:36
observe@resource://gre/modules/AsyncShutdown.sys.mjs:576:16

WARNING: A blocker encountered an error while we were waiting.
          Blocker:  TelemetryController: shutting down
          Phase: profile-before-change-telemetry
          State: Error getting state: Error: Phase "profile-before-change" is finished, it is too late to register completion condition "OS.File: flush I/O queued before profileBeforeChange" at addBlocker@resource://gre/modules/AsyncShutdown.sys.mjs:727:15
addBlocker@resource://gre/modules/AsyncShutdown.sys.mjs:523:26
addBlocker@resource://gre/modules/AsyncShutdown.sys.mjs:458:15
setupShutdown@resource://gre/modules/osfile/osfile_async_front.jsm:1548:28
@resource://gre/modules/osfile/osfile_async_front.jsm:1568:16
@resource://gre/modules/osfile.jsm:12:30
@resource://gre/modules/TelemetryStorage.sys.mjs:10:28
_checkPendingPings@resource://gre/modules/TelemetrySend.sys.mjs:863:17
setup@resource://gre/modules/TelemetrySend.sys.mjs:803:18
setup@resource://gre/modules/TelemetrySend.sys.mjs:241:30
setupTelemetry/this._delayedInitTask<@resource://gre/modules/TelemetryControllerParent.sys.mjs:828:36
observe@resource://gre/modules/AsyncShutdown.sys.mjs:576:16

WARNING: Error: Phase "profile-before-change" is finished, it is too late to register completion condition "OS.File: flush I/O queued before profileBeforeChange"
WARNING: addBlocker@resource://gre/modules/AsyncShutdown.sys.mjs:727:15
addBlocker@resource://gre/modules/AsyncShutdown.sys.mjs:523:26
addBlocker@resource://gre/modules/AsyncShutdown.sys.mjs:458:15
setupShutdown@resource://gre/modules/osfile/osfile_async_front.jsm:1548:28
@resource://gre/modules/osfile/osfile_async_front.jsm:1568:16
@resource://gre/modules/osfile.jsm:12:30
@resource://gre/modules/TelemetryStorage.sys.mjs:10:28
_checkPendingPings@resource://gre/modules/TelemetrySend.sys.mjs:863:17
setup@resource://gre/modules/TelemetrySend.sys.mjs:803:18
setup@resource://gre/modules/TelemetrySend.sys.mjs:241:30
setupTelemetry/this._delayedInitTask<@resource://gre/modules/TelemetryControllerParent.sys.mjs:828:36
observe@resource://gre/modules/AsyncShutdown.sys.mjs:576:16

JavaScript error: resource://gre/modules/AsyncShutdown.sys.mjs, line 727: Error: Phase "profile-before-change" is finished, it is too late to register completion condition "OS.File: flush I/O queued before profileBeforeChange"
JavaScript error: resource://gre/modules/AsyncShutdown.sys.mjs, line 727: Error: Phase "profile-before-change" is finished, it is too late to register completion condition "OS.File: flush I/O queued before profileBeforeChange"
JavaScript error: resource://gre/modules/AsyncShutdown.sys.mjs, line 727: Error: Phase "profile-before-change" is finished, it is too late to register completion condition "OS.File: flush I/O queued before profileBeforeChange"
JavaScript error: resource://gre/modules/AsyncShutdown.sys.mjs, line 727: Error: Phase "profile-before-change" is finished, it is too late to register completion condition "OS.File: flush I/O queued before profileBeforeChange"
JavaScript error: resource://gre/modules/AsyncShutdown.sys.mjs, line 727: Error: Phase "profile-before-change" is finished, it is too late to register completion condition "OS.File: flush I/O queued before profileBeforeChange"
JavaScript error: resource://gre/modules/AsyncShutdown.sys.mjs, line 727: Error: Phase "profile-before-change" is finished, it is too late to register completion condition "OS.File: flush I/O queued before profileBeforeChange"
1679164190998	geckodriver	INFO	Listening on 127.0.0.1:62762
1679164194054	mozrunner::runner	INFO	Running command: "C:\\Program Files\\Mozilla Firefox\\firefox.exe" "--marionette" "--remote-debugging-port" "62763" "--remote-allow-hosts" "localhost" "-no-remote" "-profile" "C:\\Users\\ofmuk\\AppData\\Local\\Temp\\rust_mozprofileKA7Qak"
console.warn: services.settings: Ignoring preference override of remote settings server
console.warn: services.settings: Allow by setting MOZ_REMOTE_SETTINGS_DEVTOOLS=1 in the environment
1679164194483	Marionette	INFO	Marionette enabled
Dynamically enable window occlusion 0
1679164194487	Marionette	INFO	Listening on port 62772
Read port: 62772
WebDriver BiDi listening on ws://127.0.0.1:62763
1679164194636	RemoteAgent	WARN	TLS certificate errors will be ignored for this session
console.warn: SearchSettings: "get: No settings file exists, new profile?" (new NotFoundError("Could not open the file at C:\\Users\\ofmuk\\AppData\\Local\\Temp\\rust_mozprofileKA7Qak\\search.json.mozlz4", (void 0)))
JavaScript error: resource://activity-stream/lib/ActivityStreamPrefs.jsm, line 27: NS_ERROR_ILLEGAL_VALUE: Component returned failure code: 0x80070057 (NS_ERROR_ILLEGAL_VALUE) [nsIPrefBranch.removeObserver]
1679164198982	Marionette	INFO	Stopped listening on port 62772
Dynamically enable window occlusion 1
1679164198990	CDP	WARN	Failed to remove undefined (Could not parse path (undefined): NS_ERROR_FILE_UNRECOGNIZED_PATH)
JavaScript error: chrome://global/content/elements/browser-custom-element.js, line 648: TypeError: this.browsingContext is null
1679164331525	geckodriver	INFO	Listening on 127.0.0.1:62793
1679164514756	geckodriver	INFO	Listening on 127.0.0.1:62815
1679164517834	mozrunner::runner	INFO	Running command: "C:\\Program Files\\Mozilla Firefox\\firefox.exe" "--marionette" "--remote-debugging-port" "62816" "--remote-allow-hosts" "localhost" "-no-remote" "-profile" "C:\\Users\\ofmuk\\AppData\\Local\\Temp\\rust_mozprofilexdCVHj"
console.warn: services.settings: Ignoring preference override of remote settings server
console.warn: services.settings: Allow by setting MOZ_REMOTE_SETTINGS_DEVTOOLS=1 in the environment
1679164518176	Marionette	INFO	Marionette enabled
Dynamically enable window occlusion 0
1679164518180	Marionette	INFO	Listening on port 62824
Read port: 62824
WebDriver BiDi listening on ws://127.0.0.1:62816
1679164518743	RemoteAgent	WARN	TLS certificate errors will be ignored for this session
console.warn: SearchSettings: "get: No settings file exists, new profile?" (new NotFoundError("Could not open the file at C:\\Users\\ofmuk\\AppData\\Local\\Temp\\rust_mozprofilexdCVHj\\search.json.mozlz4", (void 0)))
DevTools listening on ws://127.0.0.1:62816/devtools/browser/8b489c3a-0e0b-45c1-932b-fd1c7d12b88c
console.error: (new TypeError("this._searchProviderInfo is null", "resource:///modules/SearchSERPTelemetry.sys.mjs", 468))
1679165060436	geckodriver	INFO	Listening on 127.0.0.1:61863
1679165063427	mozrunner::runner	INFO	Running command: "C:\\Program Files\\Mozilla Firefox\\firefox.exe" "--marionette" "--remote-debugging-port" "61864" "--remote-allow-hosts" "localhost" "-no-remote" "-profile" "C:\\Users\\ofmuk\\AppData\\Local\\Temp\\rust_mozprofileCfwjpr"
console.warn: services.settings: Ignoring preference override of remote settings server
console.warn: services.settings: Allow by setting MOZ_REMOTE_SETTINGS_DEVTOOLS=1 in the environment
1679165066151	Marionette	INFO	Marionette enabled
Dynamically enable window occlusion 0
1679165066155	Marionette	INFO	Listening on port 55724
Read port: 55724
WebDriver BiDi listening on ws://127.0.0.1:61864
1679165066549	RemoteAgent	WARN	TLS certificate errors will be ignored for this session
console.warn: SearchSettings: "get: No settings file exists, new profile?" (new NotFoundError("Could not open the file at C:\\Users\\ofmuk\\AppData\\Local\\Temp\\rust_mozprofileCfwjpr\\search.json.mozlz4", (void 0)))
DevTools listening on ws://127.0.0.1:61864/devtools/browser/2c3201e3-9042-4845-8ec4-875c551364e0
console.error: (new TypeError("this._searchProviderInfo is null", "resource:///modules/SearchSERPTelemetry.sys.mjs", 468))
1679165131294	geckodriver	INFO	Listening on 127.0.0.1:50424
1679165134377	mozrunner::runner	INFO	Running command: "C:\\Program Files\\Mozilla Firefox\\firefox.exe" "--marionette" "--remote-debugging-port" "50425" "--remote-allow-hosts" "localhost" "-no-remote" "-profile" "C:\\Users\\ofmuk\\AppData\\Local\\Temp\\rust_mozprofilebAXwkP"
console.warn: services.settings: Ignoring preference override of remote settings server
console.warn: services.settings: Allow by setting MOZ_REMOTE_SETTINGS_DEVTOOLS=1 in the environment
1679165134648	Marionette	INFO	Marionette enabled
Dynamically enable window occlusion 0
1679165134652	Marionette	INFO	Listening on port 50433
Read port: 50433
WebDriver BiDi listening on ws://127.0.0.1:50425
1679165134812	RemoteAgent	WARN	TLS certificate errors will be ignored for this session
console.warn: SearchSettings: "get: No settings file exists, new profile?" (new NotFoundError("Could not open the file at C:\\Users\\ofmuk\\AppData\\Local\\Temp\\rust_mozprofilebAXwkP\\search.json.mozlz4", (void 0)))
DevTools listening on ws://127.0.0.1:50425/devtools/browser/37bd0327-4383-4c00-b94c-565a21070f43
1679165179970	geckodriver	INFO	Listening on 127.0.0.1:50473
1679165183002	mozrunner::runner	INFO	Running command: "C:\\Program Files\\Mozilla Firefox\\firefox.exe" "--marionette" "--remote-debugging-port" "50474" "--remote-allow-hosts" "localhost" "-no-remote" "-profile" "C:\\Users\\ofmuk\\AppData\\Local\\Temp\\rust_mozprofileVrR7ue"
console.warn: services.settings: Ignoring preference override of remote settings server
console.warn: services.settings: Allow by setting MOZ_REMOTE_SETTINGS_DEVTOOLS=1 in the environment
1679165183271	Marionette	INFO	Marionette enabled
Dynamically enable window occlusion 0
1679165183275	Marionette	INFO	Listening on port 50482
Read port: 50482
WebDriver BiDi listening on ws://127.0.0.1:50474
1679165183455	RemoteAgent	WARN	TLS certificate errors will be ignored for this session
console.warn: SearchSettings: "get: No settings file exists, new profile?" (new NotFoundError("Could not open the file at C:\\Users\\ofmuk\\AppData\\Local\\Temp\\rust_mozprofileVrR7ue\\search.json.mozlz4", (void 0)))
DevTools listening on ws://127.0.0.1:50474/devtools/browser/55ee5a70-c943-433c-8fad-42e9b29e77e3
console.error: (new TypeError("this._searchProviderInfo is null", "resource:///modules/SearchSERPTelemetry.sys.mjs", 468))
1679251106119	geckodriver	INFO	Listening on 127.0.0.1:53524
1679251109050	mozrunner::runner	INFO	Running command: "C:\\Program Files\\Mozilla Firefox\\firefox.exe" "--marionette" "--remote-debugging-port" "53525" "--remote-allow-hosts" "localhost" "-no-remote" "-profile" "C:\\Users\\ofmuk\\AppData\\Local\\Temp\\rust_mozprofileTLYuzf"
1679255557473	geckodriver	INFO	Listening on 127.0.0.1:56790
1679255560335	mozrunner::runner	INFO	Running command: "C:\\Program Files\\Mozilla Firefox\\firefox.exe" "--marionette" "--remote-debugging-port" "56791" "--remote-allow-hosts" "localhost" "-no-remote" "-profile" "C:\\Users\\ofmuk\\AppData\\Local\\Temp\\rust_mozprofilesICLyN"
console.warn: services.settings: Ignoring preference override of remote settings server
console.warn: services.settings: Allow by setting MOZ_REMOTE_SETTINGS_DEVTOOLS=1 in the environment
1679255564881	Marionette	INFO	Marionette enabled
Dynamically enable window occlusion 0
1679255564886	Marionette	INFO	Listening on port 56805
Read port: 56805
WebDriver BiDi listening on ws://127.0.0.1:56791
1679255567442	RemoteAgent	WARN	TLS certificate errors will be ignored for this session
console.warn: SearchSettings: "get: No settings file exists, new profile?" (new NotFoundError("Could not open the file at C:\\Users\\ofmuk\\AppData\\Local\\Temp\\rust_mozprofilesICLyN\\search.json.mozlz4", (void 0)))
console.error: Region.sys.mjs: "Error fetching region" (new Error("TIMEOUT", "resource://gre/modules/Region.sys.mjs", 764))
console.error: Region.sys.mjs: "Failed to fetch region" (new Error("TIMEOUT", "resource://gre/modules/Region.sys.mjs", 416))
DevTools listening on ws://127.0.0.1:56791/devtools/browser/42b3482c-9155-42b7-9360-a30d0586b7c7
console.error: RemoteSecuritySettings.jsm: 
  Failed to download attachment: TypeError: NetworkError: Network request failed
console.error: RemoteSecuritySettings.jsm: 
  Failed to download attachment: TypeError: NetworkError: Network request failed
console.error: RemoteSecuritySettings.jsm: 
  Failed to download attachment: TypeError: NetworkError: Network request failed
console.error: RemoteSecuritySettings.jsm: 
  Failed to download attachment: TypeError: NetworkError: Network request failed
console.error: RemoteSecuritySettings.jsm: 
  Failed to download attachment: TypeError: NetworkError: Network request failed
console.error: RemoteSecuritySettings.jsm: 
  Failed to download attachment: TypeError: NetworkError: Network request failed
console.error: RemoteSecuritySettings.jsm: 
  Failed to download attachment: TypeError: NetworkError: Network request failed
console.error: RemoteSecuritySettings.jsm: 
  Failed to download attachment: TypeError: NetworkError: Network request failed
console.error: RemoteSecuritySettings.jsm: 
  Failed to download attachment: TypeError: NetworkError: Network request failed
console.error: RemoteSecuritySettings.jsm: 
  Failed to download attachment: TypeError: NetworkError: Network request failed
console.error: RemoteSecuritySettings.jsm: 
  Failed to download attachment: TypeError: NetworkError: Network request failed
console.error: RemoteSecuritySettings.jsm: 
  Failed to download attachment: TypeError: NetworkError: Network request failed
console.error: RemoteSecuritySettings.jsm: 
  Failed to download attachment: TypeError: NetworkError: Network request failed
console.error: RemoteSecuritySettings.jsm: 
  Failed to download attachment: TypeError: NetworkError: Network request failed
console.error: RemoteSecuritySettings.jsm: 
  Failed to download attachment: TypeError: NetworkError: Network request failed
1679256095001	addons.xpi	ERROR	System addon update list error Error: Failed downloading XML, status: 0, reason: timeout
1679256884231	Marionette	INFO	Stopped listening on port 56805
Dynamically enable window occlusion 1
JavaScript error: chrome://remote/content/marionette/cert.sys.mjs, line 51: NS_ERROR_NOT_AVAILABLE: Component returned failure code: 0x80040111 (NS_ERROR_NOT_AVAILABLE) [nsICertOverrideService.setDisableAllSecurityChecksAndLetAttackersInterceptMyData]
!!! error running onStopped callback: TypeError: callback is not a function
1679256884615	RemoteAgent	ERROR	unable to stop listener: [Exception... "Component returned failure code: 0x80040111 (NS_ERROR_NOT_AVAILABLE) [nsICertOverrideService.setDisableAllSecurityChecksAndLetAttackersInterceptMyData]"  nsresult: "0x80040111 (NS_ERROR_NOT_AVAILABLE)"  location: "JS frame :: chrome://remote/content/marionette/cert.sys.mjs :: allowAllCerts.disable :: line 51"  data: no] Stack trace: allowAllCerts.disable()@sys.mjs:51
destroy()@sys.mjs:207
deleteSession()@sys.mjs:142
stop()@sys.mjs:229
1679256924427	geckodriver	INFO	Listening on 127.0.0.1:57222
1679256927647	mozrunner::runner	INFO	Running command: "C:\\Program Files\\Mozilla Firefox\\firefox.exe" "--marionette" "--remote-debugging-port" "57223" "--remote-allow-hosts" "localhost" "-no-remote" "-profile" "C:\\Users\\ofmuk\\AppData\\Local\\Temp\\rust_mozprofilekyej0B"
console.warn: services.settings: Ignoring preference override of remote settings server
console.warn: services.settings: Allow by setting MOZ_REMOTE_SETTINGS_DEVTOOLS=1 in the environment
1679256930911	Marionette	INFO	Marionette enabled
Dynamically enable window occlusion 0
1679256930915	Marionette	INFO	Listening on port 57231
Read port: 57231
WebDriver BiDi listening on ws://127.0.0.1:57223
1679256931041	RemoteAgent	WARN	TLS certificate errors will be ignored for this session
console.warn: SearchSettings: "get: No settings file exists, new profile?" (new NotFoundError("Could not open the file at C:\\Users\\ofmuk\\AppData\\Local\\Temp\\rust_mozprofilekyej0B\\search.json.mozlz4", (void 0)))
DevTools listening on ws://127.0.0.1:57223/devtools/browser/970549ba-b46f-4f1a-81ee-776d9da24ac8
console.error: (new TypeError("this._searchProviderInfo is null", "resource:///modules/SearchSERPTelemetry.sys.mjs", 468))
1679256944962	Marionette	INFO	Stopped listening on port 57231
Dynamically enable window occlusion 1
1679256951960	geckodriver	INFO	Listening on 127.0.0.1:57264
1679256955001	mozrunner::runner	INFO	Running command: "C:\\Program Files\\Mozilla Firefox\\firefox.exe" "--marionette" "--remote-debugging-port" "57265" "--remote-allow-hosts" "localhost" "-no-remote" "-profile" "C:\\Users\\ofmuk\\AppData\\Local\\Temp\\rust_mozprofileYZWYs4"
console.warn: services.settings: Ignoring preference override of remote settings server
console.warn: services.settings: Allow by setting MOZ_REMOTE_SETTINGS_DEVTOOLS=1 in the environment
1679256955282	Marionette	INFO	Marionette enabled
Dynamically enable window occlusion 0
1679256955286	Marionette	INFO	Listening on port 57273
Read port: 57273
WebDriver BiDi listening on ws://127.0.0.1:57265
1679256955551	RemoteAgent	WARN	TLS certificate errors will be ignored for this session
console.warn: SearchSettings: "get: No settings file exists, new profile?" (new NotFoundError("Could not open the file at C:\\Users\\ofmuk\\AppData\\Local\\Temp\\rust_mozprofileYZWYs4\\search.json.mozlz4", (void 0)))
DevTools listening on ws://127.0.0.1:57265/devtools/browser/7d22764a-4e97-4659-b5fe-6c89b9218c51
console.error: (new TypeError("this._searchProviderInfo is null", "resource:///modules/SearchSERPTelemetry.sys.mjs", 468))
1679257019931	geckodriver	INFO	Listening on 127.0.0.1:57321
1679257022980	mozrunner::runner	INFO	Running command: "C:\\Program Files\\Mozilla Firefox\\firefox.exe" "--marionette" "--remote-debugging-port" "57322" "--remote-allow-hosts" "localhost" "-no-remote" "-profile" "C:\\Users\\ofmuk\\AppData\\Local\\Temp\\rust_mozprofileq1vJww"
console.warn: services.settings: Ignoring preference override of remote settings server
console.warn: services.settings: Allow by setting MOZ_REMOTE_SETTINGS_DEVTOOLS=1 in the environment
1679257023278	Marionette	INFO	Marionette enabled
Dynamically enable window occlusion 0
1679257023283	Marionette	INFO	Listening on port 57330
Read port: 57330
WebDriver BiDi listening on ws://127.0.0.1:57322
1679257023518	RemoteAgent	WARN	TLS certificate errors will be ignored for this session
console.warn: SearchSettings: "get: No settings file exists, new profile?" (new NotFoundError("Could not open the file at C:\\Users\\ofmuk\\AppData\\Local\\Temp\\rust_mozprofileq1vJww\\search.json.mozlz4", (void 0)))
DevTools listening on ws://127.0.0.1:57322/devtools/browser/47a07c4a-62e2-47b3-bef9-06b5612c46b0
console.error: Region.sys.mjs: "Error fetching region" (new Error("TIMEOUT", "resource://gre/modules/Region.sys.mjs", 764))
console.error: Region.sys.mjs: "Failed to fetch region" (new Error("TIMEOUT", "resource://gre/modules/Region.sys.mjs", 416))
1679257253786	geckodriver	INFO	Listening on 127.0.0.1:57409
1679257256830	mozrunner::runner	INFO	Running command: "C:\\Program Files\\Mozilla Firefox\\firefox.exe" "--marionette" "--remote-debugging-port" "57410" "--remote-allow-hosts" "localhost" "-no-remote" "-profile" "C:\\Users\\ofmuk\\AppData\\Local\\Temp\\rust_mozprofileTbm15s"
console.warn: services.settings: Ignoring preference override of remote settings server
console.warn: services.settings: Allow by setting MOZ_REMOTE_SETTINGS_DEVTOOLS=1 in the environment
1679257257305	Marionette	INFO	Marionette enabled
Dynamically enable window occlusion 0
1679257257310	Marionette	INFO	Listening on port 57418
Read port: 57418
WebDriver BiDi listening on ws://127.0.0.1:57410
1679257257537	RemoteAgent	WARN	TLS certificate errors will be ignored for this session
console.warn: SearchSettings: "get: No settings file exists, new profile?" (new NotFoundError("Could not open the file at C:\\Users\\ofmuk\\AppData\\Local\\Temp\\rust_mozprofileTbm15s\\search.json.mozlz4", (void 0)))
DevTools listening on ws://127.0.0.1:57410/devtools/browser/7814e83d-5f2d-425d-a588-6ed78af1c174
console.error: (new TypeError("this._searchProviderInfo is null", "resource:///modules/SearchSERPTelemetry.sys.mjs", 468))
1679257289732	geckodriver	INFO	Listening on 127.0.0.1:57460
1679257292773	mozrunner::runner	INFO	Running command: "C:\\Program Files\\Mozilla Firefox\\firefox.exe" "--marionette" "--remote-debugging-port" "57461" "--remote-allow-hosts" "localhost" "-no-remote" "-profile" "C:\\Users\\ofmuk\\AppData\\Local\\Temp\\rust_mozprofileec6cnE"
console.warn: services.settings: Ignoring preference override of remote settings server
console.warn: services.settings: Allow by setting MOZ_REMOTE_SETTINGS_DEVTOOLS=1 in the environment
1679257293116	Marionette	INFO	Marionette enabled
Dynamically enable window occlusion 0
1679257293120	Marionette	INFO	Listening on port 57469
Read port: 57469
WebDriver BiDi listening on ws://127.0.0.1:57461
1679257293263	RemoteAgent	WARN	TLS certificate errors will be ignored for this session
console.warn: SearchSettings: "get: No settings file exists, new profile?" (new NotFoundError("Could not open the file at C:\\Users\\ofmuk\\AppData\\Local\\Temp\\rust_mozprofileec6cnE\\search.json.mozlz4", (void 0)))
DevTools listening on ws://127.0.0.1:57461/devtools/browser/d5d05b4d-1378-4341-9fa9-70b7af806c6b
console.error: Region.sys.mjs: "Error fetching region" (new Error("TIMEOUT", "resource://gre/modules/Region.sys.mjs", 764))
console.error: Region.sys.mjs: "Failed to fetch region" (new Error("TIMEOUT", "resource://gre/modules/Region.sys.mjs", 416))
1679257317597	Marionette	INFO	Stopped listening on port 57461679257317793	mozrunner::runner	INFO	Running command: "C:\\Program Files\\Mozilla Firefox\\firefox.exe" "--marionette" "--remote-debugging-port" "57515" "--remote-allow-hosts" "localhost" "-no-remote" "-profile" "C:\\Users\\ofmuk\\AppData\\Local\\Temp\\rust_mozprofilexENdgZ"
console.warn: services.settings: Ignoring preference override of remote settings server
console1679257318807	RemoteAgent	ERROR	unable to stop listener: [Exception... "Component returned failure code: 0x80040111 (NS_ERROR_NOT_AVAILABLE) [nsICertOverrideService.setDisableAllSecurityChecksAndLetAttackersInterceptMyData]"  nsresult: "0x80040111 (NS_ERROR_NOT_AVAILABLE)"  location: "JS frame :: chrome://remote/content/marionette/cert.sys.mjs :: allowAllCerts.disable :: line 51"  data: no]console.warn: SearchSettings: "get: No settings file exists, new profile?" (new NotFoundError("Could not open the file at C:\\Users\\ofmuk\\AppData\\Local\\Temp\\rust_mozprofilexENdgZ\\search.json.mozlz4", (void 0)))
DevTools listening on ws://127.0.0.1:57515/devtools/browser/3218f19b-58b4-49dd-9ac9-ec52e0ae1004
console.error: (new TypeError("this._searchProviderInfo is null", "resource:///modules/SearchSERPTelemetry.sys.mjs", 468))
1679257390509	Marionette	INFO	Stopped listening on port 57525
Dynamically enable window occlusion 1
hange"
WARNING: addBlocker@resource://gre/modules/AsyncShutdown.sys.mjs:727:15
addBlocker@resource://gre/modules/AsyncShutdown.sys.mjs:523:26
addBlocker@resource://gre/modules/AsyncShutdown.sys.mjs:458:15
setupShutdown@resource://gre/modules/osfile/osfile_async_front.jsm:1548:28
@resource://gre/modules/osfile/osfile_async_front.jsm:1568:16
@resource://gre/modules/osfile.jsm:12:30
@resource://gre/modules/TelemetryStorage.sys.mjs:10:28
_checkPendingPings@resource://gre/modules/TelemetrySend.sys.mjs:863:17
setup@resource://gre/modules/TelemetrySend.sys.mjs:803:18
setup@resource://gre/modules/TelemetrySend.sys.mjs:241:30
setupTelemetry/this._delayedInitTask<@resource://gre/modules/TelemetryControllerParent.sys.mjs:828:36
observe@resource://gre/modules/AsyncShutdown.sys.mjs:576:16

console.error: "TelemetryScheduler.shutdown - Already shut down"
WARNING: A blocker encountered an error while we were waiting.
          Blocker:  Waiting for ping task
          Phase: TelemetryController: Waiting for pending ping activity
          State: (none)
WARNING: Error: Phase "profile-before-change" is finished, it is too late to register completion condition "OS.File: flush I/O queued before profileBeforeChange"
WARNING: addBlocker@resource://gre/modules/AsyncShutdown.sys.mjs:727:15
addBlocker@resource://gre/modules/AsyncShutdown.sys.mjs:523:26
addBlocker@resource://gre/modules/AsyncShutdown.sys.mjs:458:15
setupShutdown@resource://gre/modules/osfile/osfile_async_front.jsm:1548:28
@resource://gre/modules/osfile/osfile_async_front.jsm:1568:16
@resource://gre/modules/osfile.jsm:12:30
@resource://gre/modules/TelemetryStorage.sys.mjs:10:28
_checkPendingPings@resource://gre/modules/TelemetrySend.sys.mjs:863:17
setup@resource://gre/modules/TelemetrySend.sys.mjs:803:18
setup@resource://gre/modules/TelemetrySend.sys.mjs:241:30
setupTelemetry/this._delayedInitTask<@resource://gre/modules/TelemetryControllerParent.sys.mjs:828:36
observe@resource://gre/modules/AsyncShutdown.sys.mjs:576:16

WARNING: A blocker encountered an error while we were waiting.
          Blocker:  Waiting for ping task
          Phase: TelemetryController: Waiting for pending ping activity
          State: (none)
WARNING: Error: Phase "profile-before-change" is finished, it is too late to register completion condition "OS.File: flush I/O queued before profileBeforeChange"
WARNING: addBlocker@resource://gre/modules/AsyncShutdown.sys.mjs:727:15
addBlocker@resource://gre/modules/AsyncShutdown.sys.mjs:523:26
addBlocker@resource://gre/modules/AsyncShutdown.sys.mjs:458:15
setupShutdown@resource://gre/modules/osfile/osfile_async_front.jsm:1548:28
@resource://gre/modules/osfile/osfile_async_front.jsm:1568:16
@resource://gre/modules/osfile.jsm:12:30
@resource://gre/modules/TelemetryStorage.sys.mjs:10:28
_checkPendingPings@resource://gre/modules/TelemetrySend.sys.mjs:863:17
setup@resource://gre/modules/TelemetrySend.sys.mjs:803:18
setup@resource://gre/modules/TelemetrySend.sys.mjs:241:30
setupTelemetry/this._delayedInitTask<@resource://gre/modules/TelemetryControllerParent.sys.mjs:828:36
observe@resource://gre/modules/AsyncShutdown.sys.mjs:576:16

WARNING: A blocker encountered an error while we were waiting.
          Blocker:  TelemetryController: shutting down
          Phase: profile-before-change-telemetry
          State: Error getting state: Error: Phase "profile-before-change" is finished, it is too late to register completion condition "OS.File: flush I/O queued before profileBeforeChange" at addBlocker@resource://gre/modules/AsyncShutdown.sys.mjs:727:15
addBlocker@resource://gre/modules/AsyncShutdown.sys.mjs:523:26
addBlocker@resource://gre/modules/AsyncShutdown.sys.mjs:458:15
setupShutdown@resource://gre/modules/osfile/osfile_async_front.jsm:1548:28
@resource://gre/modules/osfile/osfile_async_front.jsm:1568:16
@resource://gre/modules/osfile.jsm:12:30
@resource://gre/modules/TelemetryStorage.sys.mjs:10:28
_checkPendingPings@resource://gre/modules/TelemetrySend.sys.mjs:863:17
setup@resource://gre/modules/TelemetrySend.sys.mjs:803:18
setup@resource://gre/modules/TelemetrySend.sys.mjs:241:30
setupTelemetry/this._delayedInitTask<@resource://gre/modules/TelemetryControllerParent.sys.mjs:828:36
observe@resource://gre/modules/AsyncShutdown.sys.mjs:576:16

WARNING: Error: Phase "profile-before-change" is finished, it is too late to register completion condition "OS.File: flush I/O queued before profileBeforeChange"
WARNING: addBlocker@resource://gre/modules/AsyncShutdown.sys.mjs:727:15
addBlocker@resource://gre/modules/AsyncShutdown.sys.mjs:523:26
addBlocker@resource://gre/modules/AsyncShutdown.sys.mjs:458:15
setupShutdown@resource://gre/modules/osfile/osfile_async_front.jsm:1548:28
@resource://gre/modules/osfile/osfile_async_front.jsm:1568:16
@resource://gre/modules/osfile.jsm:12:30
@resource://gre/modules/TelemetryStorage.sys.mjs:10:28
_checkPendingPings@resource://gre/modules/TelemetrySend.sys.mjs:863:17
setup@resource://gre/modules/TelemetrySend.sys.mjs:803:18
setup@resource://gre/modules/TelemetrySend.sys.mjs:241:30
setupTelemetry/this._delayedInitTask<@resource://gre/modules/TelemetryControllerParent.sys.mjs:828:36
observe@resource://gre/modules/AsyncShutdown.sys.mjs:576:16

JavaScript error: resource://gre/modules/AsyncShutdown.sys.mjs, line 727: Error: Phase "profile-before-change" is finished, it is too late to register completion condition "OS.File: flush I/O queued before profileBeforeChange"
JavaScript error: resource://gre/modules/AsyncShutdown.sys.mjs, line 727: Error: Phase "profile-before-change" is finished, it is too late to register completion condition "OS.File: flush I/O queued before profileBeforeChange"
JavaScript error: resource://gre/modules/AsyncShutdown.sys.mjs, line 727: Error: Phase "profile-before-change" is finished, it is too late to register completion condition "OS.File: flush I/O queued before profileBeforeChange"
JavaScript error: resource://gre/modules/AsyncShutdown.sys.mjs, line 727: Error: Phase "profile-before-change" is finished, it is too late to register completion condition "OS.File: flush I/O queued before profileBeforeChange"
JavaScript error: resource://gre/modules/AsyncShutdown.sys.mjs, line 727: Error: Phase "profile-before-change" is finished, it is too late to register completion condition "OS.File: flush I/O queued before profileBeforeChange"
JavaScript error: resource://gre/modules/AsyncShutdown.sys.mjs, line 727: Error: Phase "profile-before-change" is finished, it is too late to register completion condition "OS.File: flush I/O queued before profileBeforeChange"
1679257385959	geckodriver	INFO	Listening on 127.0.0.1:57567
1679257389029	mozrunner::runner	INFO	Running command: "C:\\Program Files\\Mozilla Firefox\\firefox.exe" "--marionette" "--remote-debugging-port" "57568" "--remote-allow-hosts" "localhost" "-no-remote" "-profile" "C:\\Users\\ofmuk\\AppData\\Local\\Temp\\rust_mozprofilelaezVU"
console.warn: services.settings: Ignoring preference override of remote settings server
console.warn: services.settings: Allow by setting MOZ_REMOTE_SETTINGS_DEVTOOLS=1 in the environment
1679257389351	Marionette	INFO	Marionette enabled
Dynamically enable window occlusion 0
1679257389358	Marionette	INFO	Listening on port 57576
Read port: 57576
WebDriver BiDi listening on ws://127.0.0.1:57568
1679257389707	RemoteAgent	WARN	TLS certificate errors will be ignored for this session
console.warn: SearchSettings: "get: No settings file exists, new profile?" (new NotFoundError("Could not open the file at C:\\Users\\ofmuk\\AppData\\Local\\Temp\\rust_mozprofilelaezVU\\search.json.mozlz4", (void 0)))
DevTools listening on ws://127.0.0.1:57568/devtools/browser/0cefca19-357a-4572-81f0-62a3d3fa6c07
console.error: (new TypeError("this._searchProviderInfo is null", "resource:///modules/SearchSERPTelemetry.sys.mjs", 468))
1679257418905	geckodriver	INFO	Listening on 127.0.0.1:57611
1679257421990	mozrunner::runner	INFO	Running command: "C:\\Program Files\\Mozilla Firefox\\firefox.exe" "--marionette" "--remote-debugging-port" "57612" "--remote-allow-hosts" "localhost" "-no-remote" "-profile" "C:\\Users\\ofmuk\\AppData\\Local\\Temp\\rust_mozprofileKQbxLq"
console.warn: services.settings: Ignoring preference override of remote settings server
console.warn: services.settings: Allow by setting MOZ_REMOTE_SETTINGS_DEVTOOLS=1 in the environment
1679257422280	Marionette	INFO	Marionette enabled
Dynamically enable window occlusion 0
1679257422287	Marionette	INFO	Listening on port 57620
Read port: 57620
WebDriver BiDi listening on ws://127.0.0.1:57612
1679257422467	RemoteAgent	WARN	TLS certificate errors will be ignored for this session
console.warn: SearchSettings: "get: No settings file exists, new profile?" (new NotFoundError("Could not open the file at C:\\Users\\ofmuk\\AppData\\Local\\Temp\\rust_mozprofileKQbxLq\\search.json.mozlz4", (void 0)))
DevTools listening on ws://127.0.0.1:57612/devtools/browser/b00bbf28-5efa-4680-8820-17bca0e19d25
console.error: (new TypeError("this._searchProviderInfo is null", "resource:///modules/SearchSERPTelemetry.sys.mjs", 468))
1679338820040	geckodriver	INFO	Listening on 127.0.0.1:50611
1679338823238	mozrunner::runner	INFO	Running command: "C:\\Program Files\\Mozilla Firefox\\firefox.exe" "--marionette" "--remote-debugging-port" "50612" "--remote-allow-hosts" "localhost" "-no-remote" "-profile" "C:\\Users\\ofmuk\\AppData\\Local\\Temp\\rust_mozprofilep0eEsW"
console.warn: services.settings: Ignoring preference override of remote settings server
console.warn: services.settings: Allow by setting MOZ_REMOTE_SETTINGS_DEVTOOLS=1 in the environment
1679338827589	Marionette	INFO	Marionette enabled
Dynamically enable window occlusion 0
1679338827634	Marionette	INFO	Listening on port 50624
Read port: 50624
WebDriver BiDi listening on ws://127.0.0.1:50612
1679338830207	RemoteAgent	WARN	TLS certificate errors will be ignored for this session
console.warn: SearchSettings: "get: No settings file exists, new profile?" (new NotFoundError("Could not open the file at C:\\Users\\ofmuk\\AppData\\Local\\Temp\\rust_mozprofilep0eEsW\\search.json.mozlz4", (void 0)))
console.error: Region.sys.mjs: "Error fetching region" (new Error("TIMEOUT", "resource://gre/modules/Region.sys.mjs", 764))
console.error: Region.sys.mjs: "Failed to fetch region" (new Error("TIMEOUT", "resource://gre/modules/Region.sys.mjs", 416))
DevTools listening on ws://127.0.0.1:50612/devtools/browser/0615c72f-b8cf-4fda-aed4-d4b94d6c130b
1679339997165	geckodriver	INFO	Listening on 127.0.0.1:51767
1679340000160	mozrunner::runner	INFO	Running command: "C:\\Program Files\\Mozilla Firefox\\firefox.exe" "--marionette" "--remote-debugging-port" "51768" "--remote-allow-hosts" "localhost" "-no-remote" "-profile" "C:\\Users\\ofmuk\\AppData\\Local\\Temp\\rust_mozprofilel7VoDc"
console.warn: services.settings: Ignoring preference override of remote settings server
console.warn: services.settings: Allow by setting MOZ_REMOTE_SETTINGS_DEVTOOLS=1 in the environment
1679340000659	Marionette	INFO	Marionette enabled
Dynamically enable window occlusion 0
1679340000662	Marionette	INFO	Listening on port 51781
Read port: 51781
WebDriver BiDi listening on ws://127.0.0.1:51768
1679340001059	RemoteAgent	WARN	TLS certificate errors will be ignored for this session
console.warn: SearchSettings: "get: No settings file exists, new profile?" (new NotFoundError("Could not open the file at C:\\Users\\ofmuk\\AppData\\Local\\Temp\\rust_mozprofilel7VoDc\\search.json.mozlz4", (void 0)))
DevTools listening on ws://127.0.0.1:51768/devtools/browser/d906162b-c46d-4a5b-8e99-95c0b4b2696c
console.error: (new TypeError("this._searchProviderInfo is null", "resource:///modules/SearchSERPTelemetry.sys.mjs", 468))
1679340035944	Marionette	INFO	Stopped listening on port 51781679340036602	mozrunner::runner	INFO	Running command: "C:\\Program Files\\Mozilla Firefox\\firefox.exe" "--marionette" "--remote-debugging-port" "51866" "--remote-allow-hosts" "localhost" "-no-remote" "-profile" "C:\\Users\\ofmuk\\AppData\\Local\\Temp\\rust_mozprofilefX2cTb"
console.warn: services.settings: Ignoring preference override of remote settings server
console.warn: services.settings: Allow by setting MOZ_REMOTE_SETTINGS_DEVTOOLS=1 in the environment
1679340039934	Marionette	INFO	Marionette enabled
Dynamically enable window occlusion 0
1679340039939	Marionette	INFO	Listening on port 51880
Read port: 51880
WebDriver BiDi listening on ws://127.0.0.1:51866
1679340040377	RemoteAgent	WARN	TLS certificate errors will be ignored for this session
console.warn: SearchSettings: "get: No settings file exists, new profile?" (new NotFoundError("Could not open the file at C:\\Users\\ofmuk\\AppData\\Local\\Temp\\rust_mozprofilefX2cTb\\search.json.mozlz4", (void 0)))
DevTools listening on ws://127.0.0.1:51866/devtools/browser/4fd5b743-da45-4c8a-9da2-f50970f1bdfb
console.error: (new TypeError("this._searchProviderInfo is null", "resource:///modules/SearchSERPTelemetry.sys.mjs", 468))
1679340626549	geckodriver	INFO	Listening on 127.0.0.1:52780
1679340629530	mozrunner::runner	INFO	Running command: "C:\\Program Files\\Mozilla Firefox\\firefox.exe" "--marionette" "--remote-debugging-port" "52781" "--remote-allow-hosts" "localhost" "-no-remote" "-profile" "C:\\Users\\ofmuk\\AppData\\Local\\Temp\\rust_mozprofileUsQhD7"
console.warn: services.settings: Ignoring preference override of remote settings server
console.warn: services.settings: Allow by setting MOZ_REMOTE_SETTINGS_DEVTOOLS=1 in the environment
1679340630716	Marionette	INFO	Marionette enabled
Dynamically enable window occlusion 0
1679340630719	Marionette	INFO	Listening on port 52796
Read port: 52796
WebDriver BiDi listening on ws://127.0.0.1:52781
1679340631091	RemoteAgent	WARN	TLS certificate errors will be ignored for this session
console.warn: SearchSettings: "get: No settings file exists, new profile?" (new NotFoundError("Could not open the file at C:\\Users\\ofmuk\\AppData\\Local\\Temp\\rust_mozprofileUsQhD7\\search.json.mozlz4", (void 0)))
DevTools listening on ws://127.0.0.1:52781/devtools/browser/c3126ede-a929-4983-9410-95783265cbaa
console.error: Region.sys.mjs: "Error fetching region" (new Error("TIMEOUT", "resource://gre/modules/Region.sys.mjs", 764))
console.error: Region.sys.mjs: "Failed to fetch region" (new Error("TIMEOUT", "resource://gre/modules/Region.sys.mjs", 416))
console.error: (new TypeError("this._searchProviderInfo is null", "resource:///modules/SearchSERPTelemetry.sys.mjs", 468))
1679340649024	Marionette	INFO	Stopped listening on port 52791679340649910	mozrunner::runner	INFO	RunniWARNING: A blocker encountered an error while we were waiting.
          Blocker:  Waiting for ping task
          Phase: TelemetryController: Waiting for pending ping activity
          State: (none)
WARNING: Error: Phase "profile-before-change" is finished, it is too late to register completion condition "OS.File: flush I/O queued before profileBeforeChange"
WARNING: addBlocker@resource://gre/modules/AsyncShutdown.sys.mjs:727:15
addBlocker@resource://gre/modules/AsyncShutdown.sys.mjs:523:26
addBlocker@resource://gre/modules/AsyncShutdown.sys.mjs:458:15
setupShutdown@resource://gre/modules/osfile/osfile_async_front.jsm:1548:28
@resource://gre/modules/osfile/osfile_async_front.jsm:1568:16
@resource://greconsole.warn: SearchSettings: "get: No settings file exists, new profile?" (new NotFoundError("Could not open the file at C:\\Users\\ofmuk\\AppData\\Local\\Temp\\rust_mozprofileF5HEls\\search.json.mozlz4", (void 0)))
DevTools listening on ws://127.0.0.1:52843/devtools/browser/14484aba-ceac-4dab-af88-eb0bf2bb69d8
console.error: (new TypeError("this._searchProviderInfo is null", "resource:///modules/SearchSERPTelemetry.sys.mjs", 468))
1679340902526	Marionette	INFO	Stopped listening on port 52857
Dynamically enable window occlusion 1
or while we were waiting.
          Blocker:  Waiting for ping task
          Phase: TelemetryController: Waiting for pending ping activity
          State: (none)
WARNING: Error: Phase "profile-before-change" is finished, it is too late to register completion condition "OS.File: flush I/O queued before profileBeforeChange"
WARNING: addBlocker@resource://gre/modules/AsyncShutdown.sys.mjs:727:15
addBlocker@resource://gre/modules/AsyncShutdown.sys.mjs:523:26
addBlocker@resource://gre/modules/AsyncShutdown.sys.mjs:458:15
setupShutdown@resource://gre/modules/osfile/osfile_async_front.jsm:1548:28
@resource://gre/modules/osfile/osfile_async_front.jsm:1568:16
@resource://gre/modules/osfile.jsm:12:30
@resource://gre/modules/TelemetryStorage.sys.mjs:10:28
_checkPendingPings@resource://gre/modules/TelemetrySend.sys.mjs:863:17
setup@resource://gre/modules/TelemetrySend.sys.mjs:803:18
setup@resource://gre/modules/TelemetrySend.sys.mjs:241:30
setupTelemetry/this._delayedInitTask<@resource://gre/modules/TelemetryControllerParent.sys.mjs:828:36
observe@resource://gre/modules/AsyncShutdown.sys.mjs:576:16

WARNING: A blocker encountered an error while we were waiting.
          Blocker:  Waiting for ping task
          Phase: TelemetryController: Waiting for pending ping activity
          State: (none)
WARNING: Error: Phase "profile-before-change" is finished, it is too late to register completion condition "OS.File: flush I/O queued before profileBeforeChange"
WARNING: addBlocker@resource://gre/modules/AsyncShutdown.sys.mjs:727:15
addBlocker@resource://gre/modules/AsyncShutdown.sys.mjs:523:26
addBlocker@resource://gre/modules/AsyncShutdown.sys.mjs:458:15
setupShutdown@resource://gre/modules/osfile/osfile_async_front.jsm:1548:28
@resource://gre/modules/osfile/osfile_async_front.jsm:1568:16
@resource://gre/modules/osfile.jsm:12:30
@resource://gre/modules/TelemetryStorage.sys.mjs:10:28
_checkPendingPings@resource://gre/modules/TelemetrySend.sys.mjs:863:17
setup@resource://gre/modules/TelemetrySend.sys.mjs:803:18
setup@resource://gre/modules/TelemetrySend.sys.mjs:241:30
setupTelemetry/this._delayedInitTask<@resource://gre/modules/TelemetryControllerParent.sys.mjs:828:36
observe@resource://gre/modules/AsyncShutdown.sys.mjs:576:16

WARNING: A blocker encountered an error while we were waiting.
          Blocker:  TelemetryController: shutting down
          Phase: profile-before-change-telemetry
          State: Error getting state: Error: Phase "profile-before-change" is finished, it is too late to register completion condition "OS.File: flush I/O queued before profileBeforeChange" at addBlocker@resource://gre/modules/AsyncShutdown.sys.mjs:727:15
addBlocker@resource://gre/modules/AsyncShutdown.sys.mjs:523:26
addBlocker@resource://gre/modules/AsyncShutdown.sys.mjs:458:15
setupShutdown@resource://gre/modules/osfile/osfile_async_front.jsm:1548:28
@resource://gre/modules/osfile/osfile_async_front.jsm:1568:16
@resource://gre/modules/osfile.jsm:12:30
@resource://gre/modules/TelemetryStorage.sys.mjs:10:28
_checkPendingPings@resource://gre/modules/TelemetrySend.sys.mjs:863:17
setup@resource://gre/modules/TelemetrySend.sys.mjs:803:18
setup@resource://gre/modules/TelemetrySend.sys.mjs:241:30
setupTelemetry/this._delayedInitTask<@resource://gre/modules/TelemetryControllerParent.sys.mjs:828:36
observe@resource://gre/modules/AsyncShutdown.sys.mjs:576:16

WARNING: Error: Phase "profile-before-change" is finished, it is too late to register completion condition "OS.File: flush I/O queued before profileBeforeChange"
WARNING: addBlocker@resource://gre/modules/AsyncShutdown.sys.mjs:727:15
addBlocker@resource://gre/modules/AsyncShutdown.sys.mjs:523:26
addBlocker@resource://gre/modules/AsyncShutdown.sys.mjs:458:15
setupShutdown@resource://gre/modules/osfile/osfile_async_front.jsm:1548:28
@resource://gre/modules/osfile/osfile_async_front.jsm:1568:16
@resource://gre/modules/osfile.jsm:12:30
@resource://gre/modules/TelemetryStorage.sys.mjs:10:28
_checkPendingPings@resource://gre/modules/TelemetrySend.sys.mjs:863:17
setup@resource://gre/modules/TelemetrySend.sys.mjs:803:18
setup@resource://gre/modules/TelemetrySend.sys.mjs:241:30
setupTelemetry/this._delayedInitTask<@resource://gre/modules/TelemetryControllerParent.sys.mjs:828:36
observe@resource://gre/modules/AsyncShutdown.sys.mjs:576:16

JavaScript error: resource://gre/modules/AsyncShutdown.sys.mjs, line 727: Error: Phase "profile-before-change" is finished, it is too late to register completion condition "OS.File: flush I/O queued before profileBeforeChange"
JavaScript error: resource://gre/modules/AsyncShutdown.sys.mjs, line 727: Error: Phase "profile-before-change" is finished, it is too late to register completion condition "OS.File: flush I/O queued before profileBeforeChange"
JavaScript error: resource://gre/modules/AsyncShutdown.sys.mjs, line 727: Error: Phase "profile-before-change" is finished, it is too late to register completion condition "OS.File: flush I/O queued before profileBeforeChange"
JavaScript error: resource://gre/modules/AsyncShutdown.sys.mjs, line 727: Error: Phase "profile-before-change" is finished, it is too late to register completion condition "OS.File: flush I/O queued before profileBeforeChange"
JavaScript error: resource://gre/modules/AsyncShutdown.sys.mjs, line 727: Error: Phase "profile-before-change" is finished, it is too late to register completion condition "OS.File: flush I/O queued before profileBeforeChange"
JavaScript error: resource://gre/modules/AsyncShutdown.sys.mjs, line 727: Error: Phase "profile-before-change" is finished, it is too late to register completion condition "OS.File: flush I/O queued before profileBeforeChange"
1679340908496	geckodriver	INFO	Listening on 127.0.0.1:53324
1679340911844	mozrunner::runner	INFO	Running command: "C:\\Program Files\\Mozilla Firefox\\firefox.exe" "--marionette" "--remote-debugging-port" "53325" "--remote-allow-hosts" "localhost" "-no-remote" "-profile" "C:\\Users\\ofmuk\\AppData\\Local\\Temp\\rust_mozprofilePomJMf"
console.warn: services.settings: Ignoring preference override of remote settings server
console.warn: services.settings: Allow by setting MOZ_REMOTE_SETTINGS_DEVTOOLS=1 in the environment
1679340914826	Marionette	INFO	Marionette enabled
Dynamically enable window occlusion 0
1679340914830	Marionette	INFO	Listening on port 53354
Read port: 53354
WebDriver BiDi listening on ws://127.0.0.1:53325
1679340915199	RemoteAgent	WARN	TLS certificate errors will be ignored for this session
console.warn: SearchSettings: "get: No settings file exists, new profile?" (new NotFoundError("Could not open the file at C:\\Users\\ofmuk\\AppData\\Local\\Temp\\rust_mozprofilePomJMf\\search.json.mozlz4", (void 0)))
DevTools listening on ws://127.0.0.1:53325/devtools/browser/2fd5c54b-d55c-40a9-aded-550120f98d9f
console.error: Region.sys.mjs: "Error fetching region" (new Error("TIMEOUT", "resource://gre/modules/Region.sys.mjs", 764))
console.error: Region.sys.mjs: "Failed to fetch region" (new Error("TIMEOUT", "resource://gre/modules/Region.sys.mjs", 416))
1679341207206	geckodriver	INFO	Listening on 127.0.0.1:53827
1679341210153	mozrunner::runner	INFO	Running command: "C:\\Program Files\\Mozilla Firefox\\firefox.exe" "--marionette" "--remote-debugging-port" "53828" "--remote-allow-hosts" "localhost" "-no-remote" "-profile" "C:\\Users\\ofmuk\\AppData\\Local\\Temp\\rust_mozprofilebMLuFK"
console.warn: services.settings: Ignoring preference override of remote settings server
console.warn: services.settings: Allow by setting MOZ_REMOTE_SETTINGS_DEVTOOLS=1 in the environment
1679341211497	Marionette	INFO	Marionette enabled
Dynamically enable window occlusion 0
1679341211503	Marionette	INFO	Listening on port 53840
Read port: 53840
WebDriver BiDi listening on ws://127.0.0.1:53828
1679341211919	RemoteAgent	WARN	TLS certificate errors will be ignored for this session
console.warn: SearchSettings: "get: No settings file exists, new profile?" (new NotFoundError("Could not open the file at C:\\Users\\ofmuk\\AppData\\Local\\Temp\\rust_mozprofilebMLuFK\\search.json.mozlz4", (void 0)))
DevTools listening on ws://127.0.0.1:53828/devtools/browser/1ae8ae7a-e572-4ad6-bea3-d0ecb09f5002
console.error: Region.sys.mjs: "Error fetching region" (new Error("TIMEOUT", "resource://gre/modules/Region.sys.mjs", 764))
console.error: Region.sys.mjs: "Failed to fetch region" (new Error("TIMEOUT", "resource://gre/modules/Region.sys.mjs", 416))
JavaScript error: , line 0: TypeError: ServiceWorker script at https://web.whatsapp.com/serviceworker.js for scope https://web.whatsapp.com/ encountered an error during installation.
1679341907923	geckodriver	INFO	Listening on 127.0.0.1:54586
1679341910916	mozrunner::runner	INFO	Running command: "C:\\Program Files\\Mozilla Firefox\\firefox.exe" "--marionette" "--remote-debugging-port" "54587" "--remote-allow-hosts" "localhost" "-no-remote" "-profile" "C:\\Users\\ofmuk\\AppData\\Local\\Temp\\rust_mozprofile9Q9Pt7"
console.warn: services.settings: Ignoring preference override of remote settings server
console.warn: services.settings: Allow by setting MOZ_REMOTE_SETTINGS_DEVTOOLS=1 in the environment
1679341913856	Marionette	INFO	Marionette enabled
Dynamically enable window occlusion 0
1679341913860	Marionette	INFO	Listening on port 54599
Read port: 54599
WebDriver BiDi listening on ws://127.0.0.1:54587
1679341914600	RemoteAgent	WARN	TLS certificate errors will be ignored for this session
console.warn: SearchSettings: "get: No settings file exists, new profile?" (new NotFoundError("Could not open the file at C:\\Users\\ofmuk\\AppData\\Local\\Temp\\rust_mozprofile9Q9Pt7\\search.json.mozlz4", (void 0)))
DevTools listening on ws://127.0.0.1:54587/devtools/browser/afad7756-de6e-409c-aad7-cc18cc68e73c
console.error: (new TypeError("this._searchProviderInfo is null", "resource:///modules/SearchSERPTelemetry.sys.mjs", 468))
1679342046317	geckodriver	INFO	Listening on 127.0.0.1:54745
1679342049341	mozrunner::runner	INFO	Running command: "C:\\Program Files\\Mozilla Firefox\\firefox.exe" "--marionette" "--remote-debugging-port" "54746" "--remote-allow-hosts" "localhost" "-no-remote" "-profile" "C:\\Users\\ofmuk\\AppData\\Local\\Temp\\rust_mozprofileizqE34"
console.warn: services.settings: Ignoring preference override of remote settings server
console.warn: services.settings: Allow by setting MOZ_REMOTE_SETTINGS_DEVTOOLS=1 in the environment
1679342049655	Marionette	INFO	Marionette enabled
Dynamically enable window occlusion 0
1679342049659	Marionette	INFO	Listening on port 54757
Read port: 54757
WebDriver BiDi listening on ws://127.0.0.1:54746
1679342049875	RemoteAgent	WARN	TLS certificate errors will be ignored for this session
console.warn: SearchSettings: "get: No settings file exists, new profile?" (new NotFoundError("Could not open the file at C:\\Users\\ofmuk\\AppData\\Local\\Temp\\rust_mozprofileizqE34\\search.json.mozlz4", (void 0)))
DevTools listening on ws://127.0.0.1:54746/devtools/browser/9e4e4eb4-79c5-4318-a46c-b05f449c37b7
1679342108911	geckodriver	INFO	Listening on 127.0.0.1:54825
1679342111913	mozrunner::runner	INFO	Running command: "C:\\Program Files\\Mozilla Firefox\\firefox.exe" "--marionette" "--remote-debugging-port" "54826" "--remote-allow-hosts" "localhost" "-no-remote" "-profile" "C:\\Users\\ofmuk\\AppData\\Local\\Temp\\rust_mozprofile2yCQfx"
console.warn: services.settings: Ignoring preference override of remote settings server
console.warn: services.settings: Allow by setting MOZ_REMOTE_SETTINGS_DEVTOOLS=1 in the environment
1679342112285	Marionette	INFO	Marionette enabled
Dynamically enable window occlusion 0
1679342112289	Marionette	INFO	Listening on port 54837
Read port: 54837
WebDriver BiDi listening on ws://127.0.0.1:54826
1679342112426	RemoteAgent	WARN	TLS certificate errors will be ignored for this session
console.warn: SearchSettings: "get: No settings file exists, new profile?" (new NotFoundError("Could not open the file at C:\\Users\\ofmuk\\AppData\\Local\\Temp\\rust_mozprofile2yCQfx\\search.json.mozlz4", (void 0)))
DevTools listening on ws://127.0.0.1:54826/devtools/browser/a3caa0f0-c8e4-428e-8461-50a63ea5e08c
console.error: (new TypeError("this._searchProviderInfo is null", "resource:///modules/SearchSERPTelemetry.sys.mjs", 468))
1679342218754	geckodriver	INFO	Listening on 127.0.0.1:54941
1679342221764	mozrunner::runner	INFO	Running command: "C:\\Program Files\\Mozilla Firefox\\firefox.exe" "--marionette" "--remote-debugging-port" "54942" "--remote-allow-hosts" "localhost" "-no-remote" "-profile" "C:\\Users\\ofmuk\\AppData\\Local\\Temp\\rust_mozprofile13XQrg"
console.warn: services.settings: Ignoring preference override of remote settings server
console.warn: services.settings: Allow by setting MOZ_REMOTE_SETTINGS_DEVTOOLS=1 in the environment
1679342222471	Marionette	INFO	Marionette enabled
Dynamically enable window occlusion 0
1679342222476	Marionette	INFO	Listening on port 54954
Read port: 54954
WebDriver BiDi listening on ws://127.0.0.1:54942
1679342222903	RemoteAgent	WARN	TLS certificate errors will be ignored for this session
console.warn: SearchSettings: "get: No settings file exists, new profile?" (new NotFoundError("Could not open the file at C:\\Users\\ofmuk\\AppData\\Local\\Temp\\rust_mozprofile13XQrg\\search.json.mozlz4", (void 0)))
DevTools listening on ws://127.0.0.1:54942/devtools/browser/4eef3410-af8c-4d96-a8e0-6b2507a6ec08
console.error: (new TypeError("this._searchProviderInfo is null", "resource:///modules/SearchSERPTelemetry.sys.mjs", 468))
